<?xml version="1.0" encoding="UTF-8"?>
<!-- Generated by org.testng.reporters.JUnitXMLReporter -->
<testsuite ignored="1" hostname="DESKTOP-MMC5OBP" failures="0" tests="1" name="Default test" time="9.16" errors="0" timestamp="2023-02-06T14:27:18 CST">
  <testcase classname="dev.store.testcases.LoginTest" name="incorrectLogin" time="1.108"/>
  <testcase classname="dev.store.testcases.LoginTest" name="correctLogin" time="0.0">
    <ignored/>
  </testcase> <!-- correctLogin -->
</testsuite> <!-- Default test -->
