<?xml version="1.0" encoding="UTF-8"?>
<testng-results ignored="0" total="1" passed="1" failed="0" skipped="0">
  <reporter-output>
  </reporter-output>
  <suite started-at="2023-01-21T21:00:41 CST" name="Default suite" finished-at="2023-01-21T21:00:47 CST" duration-ms="6106">
    <groups>
    </groups>
    <test started-at="2023-01-21T21:00:41 CST" name="Default test" finished-at="2023-01-21T21:00:47 CST" duration-ms="6106">
      <class name="dev.store.testcases.LoginTest">
        <test-method is-config="true" signature="setup()[pri:0, instance:dev.store.testcases.LoginTest@306e95ec]" started-at="2023-01-21T21:00:41 CST" name="setup" finished-at="2023-01-21T21:00:44 CST" duration-ms="2575" status="PASS">
          <reporter-output>
          </reporter-output>
        </test-method> <!-- setup -->
        <test-method signature="login()[pri:0, instance:dev.store.testcases.LoginTest@306e95ec]" started-at="2023-01-21T21:00:44 CST" name="login" finished-at="2023-01-21T21:00:47 CST" duration-ms="3476" status="PASS">
          <reporter-output>
          </reporter-output>
        </test-method> <!-- login -->
        <test-method is-config="true" signature="tearDown()[pri:0, instance:dev.store.testcases.LoginTest@306e95ec]" started-at="2023-01-21T21:00:47 CST" name="tearDown" finished-at="2023-01-21T21:00:47 CST" duration-ms="0" status="PASS">
          <reporter-output>
          </reporter-output>
        </test-method> <!-- tearDown -->
      </class> <!-- dev.store.testcases.LoginTest -->
    </test> <!-- Default test -->
  </suite> <!-- Default suite -->
</testng-results>
