<?xml version="1.0" encoding="UTF-8"?>
<testng-results ignored="0" total="1" passed="1" failed="0" skipped="0">
  <reporter-output>
  </reporter-output>
  <suite started-at="2023-02-06T14:09:49 CST" name="Default suite" finished-at="2023-02-06T14:10:00 CST" duration-ms="11065">
    <groups>
    </groups>
    <test started-at="2023-02-06T14:09:49 CST" name="Default test" finished-at="2023-02-06T14:10:00 CST" duration-ms="11065">
      <class name="dev.store.testcases.RegisterTest">
        <test-method is-config="true" signature="setup()[pri:0, instance:dev.store.testcases.RegisterTest@57cf54e1]" started-at="2023-02-06T14:09:49 CST" name="setup" finished-at="2023-02-06T14:09:56 CST" duration-ms="7787" status="PASS">
          <reporter-output>
          </reporter-output>
        </test-method> <!-- setup -->
        <test-method signature="register()[pri:0, instance:dev.store.testcases.RegisterTest@57cf54e1]" started-at="2023-02-06T14:09:56 CST" name="register" finished-at="2023-02-06T14:10:00 CST" duration-ms="3231" status="PASS">
          <reporter-output>
          </reporter-output>
        </test-method> <!-- register -->
        <test-method is-config="true" signature="afterMethod()[pri:0, instance:dev.store.testcases.RegisterTest@57cf54e1]" started-at="2023-02-06T14:10:00 CST" name="afterMethod" finished-at="2023-02-06T14:10:00 CST" duration-ms="1" status="PASS">
          <reporter-output>
          </reporter-output>
        </test-method> <!-- afterMethod -->
        <test-method is-config="true" signature="tearDown()[pri:0, instance:dev.store.testcases.RegisterTest@57cf54e1]" started-at="2023-02-06T14:10:00 CST" name="tearDown" finished-at="2023-02-06T14:10:00 CST" duration-ms="0" status="PASS">
          <reporter-output>
          </reporter-output>
        </test-method> <!-- tearDown -->
      </class> <!-- dev.store.testcases.RegisterTest -->
    </test> <!-- Default test -->
  </suite> <!-- Default suite -->
</testng-results>
